<?xml version="1.0" encoding="UTF-8"?>
<!-- Generated by org.testng.reporters.JUnitXMLReporter -->
<testsuite ignored="0" hostname="C0649958" failures="0" tests="2" name="Error Validations test" time="12.436" errors="0" timestamp="2024-09-24T16:50:45 CEST">
  <testcase classname="rahulshettyacademy.tests.t03_ErrorValidations" name="LoginErrorValidation" time="0.54"/>
  <testcase classname="rahulshettyacademy.tests.t03_ErrorValidations" name="ProductErrorValidation" time="2.475"/>
</testsuite> <!-- Error Validations test -->
