<?xml version="1.0" encoding="UTF-8"?>
<!-- Generated by org.testng.reporters.JUnitXMLReporter -->
<testsuite ignored="0" hostname="C0649958" failures="0" tests="6" name="Submit Order Test" time="38.736" errors="0" timestamp="2024-09-24T16:51:12 CEST">
  <testcase classname="rahulshettyacademy.tests.t02_SubmitOrderTest" name="submitOrder" time="3.376"/>
  <testcase classname="rahulshettyacademy.tests.t02_SubmitOrderTest" name="submitOrder" time="3.314"/>
  <testcase classname="rahulshettyacademy.tests.t04_SubmitOrderTestJason" name="submitOrder" time="3.242"/>
  <testcase classname="rahulshettyacademy.tests.t04_SubmitOrderTestJason" name="submitOrder" time="3.175"/>
  <testcase classname="rahulshettyacademy.tests.t02_SubmitOrderTest" name="OrderHistoryTest" time="0.721"/>
  <testcase classname="rahulshettyacademy.tests.t04_SubmitOrderTestJason" name="OrderHistoryTest" time="0.691"/>
</testsuite> <!-- Submit Order Test -->
