<?xml version="1.0" encoding="UTF-8"?>
<testng-results ignored="0" total="8" passed="8" failed="0" skipped="0">
  <reporter-output>
  </reporter-output>
  <suite started-at="2024-09-24T16:50:33 CEST" name="rahulshettyacademy" finished-at="2024-09-24T16:51:12 CEST" duration-ms="38736">
    <groups>
      <group name="ErrorHandling">
        <method signature="t03_ErrorValidations.LoginErrorValidation()[pri:0, instance:rahulshettyacademy.tests.t03_ErrorValidations@5a5a729f]" name="LoginErrorValidation" class="rahulshettyacademy.tests.t03_ErrorValidations"/>
      </group> <!-- ErrorHandling -->
      <group name="Purchase">
        <method signature="t02_SubmitOrderTest.submitOrder(java.util.HashMap)[pri:0, instance:rahulshettyacademy.tests.t02_SubmitOrderTest@31ea9581]" name="submitOrder" class="rahulshettyacademy.tests.t02_SubmitOrderTest"/>
        <method signature="t04_SubmitOrderTestJason.submitOrder(java.util.HashMap)[pri:0, instance:rahulshettyacademy.tests.t04_SubmitOrderTestJason@25be7b63]" name="submitOrder" class="rahulshettyacademy.tests.t04_SubmitOrderTestJason"/>
      </group> <!-- Purchase -->
    </groups>
    <test started-at="2024-09-24T16:50:33 CEST" name="Error Validations test" finished-at="2024-09-24T16:50:45 CEST" duration-ms="12436">
      <class name="rahulshettyacademy.tests.t03_ErrorValidations">
        <test-method is-config="true" signature="launchApplication()[pri:0, instance:rahulshettyacademy.tests.t03_ErrorValidations@5a5a729f]" started-at="2024-09-24T16:50:33 CEST" name="launchApplication" finished-at="2024-09-24T16:50:38 CEST" duration-ms="5356" status="PASS">
          <reporter-output>
          </reporter-output>
        </test-method> <!-- launchApplication -->
        <test-method signature="LoginErrorValidation()[pri:0, instance:rahulshettyacademy.tests.t03_ErrorValidations@5a5a729f]" started-at="2024-09-24T16:50:38 CEST" name="LoginErrorValidation" finished-at="2024-09-24T16:50:39 CEST" duration-ms="540" status="PASS">
          <reporter-output>
          </reporter-output>
        </test-method> <!-- LoginErrorValidation -->
        <test-method is-config="true" signature="tearDown()[pri:0, instance:rahulshettyacademy.tests.t03_ErrorValidations@5a5a729f]" started-at="2024-09-24T16:50:39 CEST" name="tearDown" finished-at="2024-09-24T16:50:39 CEST" duration-ms="123" status="PASS">
          <reporter-output>
          </reporter-output>
        </test-method> <!-- tearDown -->
        <test-method is-config="true" signature="launchApplication()[pri:0, instance:rahulshettyacademy.tests.t03_ErrorValidations@5a5a729f]" started-at="2024-09-24T16:50:39 CEST" name="launchApplication" finished-at="2024-09-24T16:50:43 CEST" duration-ms="3723" status="PASS">
          <reporter-output>
          </reporter-output>
        </test-method> <!-- launchApplication -->
        <test-method signature="ProductErrorValidation()[pri:0, instance:rahulshettyacademy.tests.t03_ErrorValidations@5a5a729f]" started-at="2024-09-24T16:50:43 CEST" name="ProductErrorValidation" finished-at="2024-09-24T16:50:45 CEST" duration-ms="2475" status="PASS">
          <reporter-output>
          </reporter-output>
        </test-method> <!-- ProductErrorValidation -->
        <test-method is-config="true" signature="tearDown()[pri:0, instance:rahulshettyacademy.tests.t03_ErrorValidations@5a5a729f]" started-at="2024-09-24T16:50:45 CEST" name="tearDown" finished-at="2024-09-24T16:50:45 CEST" duration-ms="179" status="PASS">
          <reporter-output>
          </reporter-output>
        </test-method> <!-- tearDown -->
      </class> <!-- rahulshettyacademy.tests.t03_ErrorValidations -->
    </test> <!-- Error Validations test -->
    <test started-at="2024-09-24T16:50:33 CEST" name="Submit Order Test" finished-at="2024-09-24T16:51:12 CEST" duration-ms="38736">
      <class name="rahulshettyacademy.tests.t02_SubmitOrderTest">
        <test-method is-config="true" signature="launchApplication()[pri:0, instance:rahulshettyacademy.tests.t02_SubmitOrderTest@31ea9581]" started-at="2024-09-24T16:50:33 CEST" name="launchApplication" finished-at="2024-09-24T16:50:37 CEST" duration-ms="4107" status="PASS">
          <reporter-output>
          </reporter-output>
        </test-method> <!-- launchApplication -->
        <test-method signature="submitOrder(java.util.HashMap)[pri:0, instance:rahulshettyacademy.tests.t02_SubmitOrderTest@31ea9581]" started-at="2024-09-24T16:50:37 CEST" name="submitOrder" data-provider="getData" finished-at="2024-09-24T16:50:40 CEST" duration-ms="3376" status="PASS">
          <params>
            <param index="0">
              <value>
                <![CDATA[{password=YeniSifreler@#01, email=durcuk@gmail.com, productName=ZARA COAT 3}]]>
              </value>
            </param>
          </params>
          <reporter-output>
          </reporter-output>
        </test-method> <!-- submitOrder -->
        <test-method is-config="true" signature="tearDown()[pri:0, instance:rahulshettyacademy.tests.t02_SubmitOrderTest@31ea9581]" started-at="2024-09-24T16:50:40 CEST" name="tearDown" finished-at="2024-09-24T16:50:40 CEST" duration-ms="120" status="PASS">
          <reporter-output>
          </reporter-output>
        </test-method> <!-- tearDown -->
        <test-method is-config="true" signature="launchApplication()[pri:0, instance:rahulshettyacademy.tests.t02_SubmitOrderTest@31ea9581]" started-at="2024-09-24T16:50:40 CEST" name="launchApplication" finished-at="2024-09-24T16:50:44 CEST" duration-ms="3690" status="PASS">
          <reporter-output>
          </reporter-output>
        </test-method> <!-- launchApplication -->
        <test-method signature="submitOrder(java.util.HashMap)[pri:0, instance:rahulshettyacademy.tests.t02_SubmitOrderTest@31ea9581]" started-at="2024-09-24T16:50:44 CEST" name="submitOrder" data-provider="getData" finished-at="2024-09-24T16:50:47 CEST" duration-ms="3314" status="PASS">
          <params>
            <param index="0">
              <value>
                <![CDATA[{password=Iamking@000, email=anshika@gmail.com, productName=ADIDAS ORIGINAL}]]>
              </value>
            </param>
          </params>
          <reporter-output>
          </reporter-output>
        </test-method> <!-- submitOrder -->
        <test-method is-config="true" signature="tearDown()[pri:0, instance:rahulshettyacademy.tests.t02_SubmitOrderTest@31ea9581]" started-at="2024-09-24T16:50:47 CEST" name="tearDown" finished-at="2024-09-24T16:50:48 CEST" duration-ms="142" status="PASS">
          <reporter-output>
          </reporter-output>
        </test-method> <!-- tearDown -->
        <test-method is-config="true" signature="launchApplication()[pri:0, instance:rahulshettyacademy.tests.t02_SubmitOrderTest@31ea9581]" started-at="2024-09-24T16:51:02 CEST" name="launchApplication" finished-at="2024-09-24T16:51:06 CEST" duration-ms="3800" status="PASS">
          <reporter-output>
          </reporter-output>
        </test-method> <!-- launchApplication -->
        <test-method signature="OrderHistoryTest()[pri:0, instance:rahulshettyacademy.tests.t02_SubmitOrderTest@31ea9581]" started-at="2024-09-24T16:51:06 CEST" name="OrderHistoryTest" finished-at="2024-09-24T16:51:07 CEST" depends-on-methods="rahulshettyacademy.tests.t02_SubmitOrderTest.submitOrder" duration-ms="721" status="PASS">
          <reporter-output>
          </reporter-output>
        </test-method> <!-- OrderHistoryTest -->
        <test-method is-config="true" signature="tearDown()[pri:0, instance:rahulshettyacademy.tests.t02_SubmitOrderTest@31ea9581]" started-at="2024-09-24T16:51:07 CEST" name="tearDown" finished-at="2024-09-24T16:51:07 CEST" duration-ms="103" status="PASS">
          <reporter-output>
          </reporter-output>
        </test-method> <!-- tearDown -->
      </class> <!-- rahulshettyacademy.tests.t02_SubmitOrderTest -->
      <class name="rahulshettyacademy.tests.t04_SubmitOrderTestJason">
        <test-method is-config="true" signature="launchApplication()[pri:0, instance:rahulshettyacademy.tests.t04_SubmitOrderTestJason@25be7b63]" started-at="2024-09-24T16:50:48 CEST" name="launchApplication" finished-at="2024-09-24T16:50:52 CEST" duration-ms="3884" status="PASS">
          <reporter-output>
          </reporter-output>
        </test-method> <!-- launchApplication -->
        <test-method signature="submitOrder(java.util.HashMap)[pri:0, instance:rahulshettyacademy.tests.t04_SubmitOrderTestJason@25be7b63]" started-at="2024-09-24T16:50:52 CEST" name="submitOrder" data-provider="getData" finished-at="2024-09-24T16:50:55 CEST" duration-ms="3242" status="PASS">
          <params>
            <param index="0">
              <value>
                <![CDATA[{password=YeniSifreler@#01, email=durcuk@gmail.com, productName=ZARA COAT 3}]]>
              </value>
            </param>
          </params>
          <reporter-output>
          </reporter-output>
        </test-method> <!-- submitOrder -->
        <test-method is-config="true" signature="tearDown()[pri:0, instance:rahulshettyacademy.tests.t04_SubmitOrderTestJason@25be7b63]" started-at="2024-09-24T16:50:55 CEST" name="tearDown" finished-at="2024-09-24T16:50:55 CEST" duration-ms="109" status="PASS">
          <reporter-output>
          </reporter-output>
        </test-method> <!-- tearDown -->
        <test-method is-config="true" signature="launchApplication()[pri:0, instance:rahulshettyacademy.tests.t04_SubmitOrderTestJason@25be7b63]" started-at="2024-09-24T16:50:55 CEST" name="launchApplication" finished-at="2024-09-24T16:50:59 CEST" duration-ms="3946" status="PASS">
          <reporter-output>
          </reporter-output>
        </test-method> <!-- launchApplication -->
        <test-method signature="submitOrder(java.util.HashMap)[pri:0, instance:rahulshettyacademy.tests.t04_SubmitOrderTestJason@25be7b63]" started-at="2024-09-24T16:50:59 CEST" name="submitOrder" data-provider="getData" finished-at="2024-09-24T16:51:02 CEST" duration-ms="3175" status="PASS">
          <params>
            <param index="0">
              <value>
                <![CDATA[{password=Iamking@000, email=anshika@gmail.com, productName=ADIDAS ORIGINAL}]]>
              </value>
            </param>
          </params>
          <reporter-output>
          </reporter-output>
        </test-method> <!-- submitOrder -->
        <test-method is-config="true" signature="tearDown()[pri:0, instance:rahulshettyacademy.tests.t04_SubmitOrderTestJason@25be7b63]" started-at="2024-09-24T16:51:02 CEST" name="tearDown" finished-at="2024-09-24T16:51:02 CEST" duration-ms="110" status="PASS">
          <reporter-output>
          </reporter-output>
        </test-method> <!-- tearDown -->
        <test-method is-config="true" signature="launchApplication()[pri:0, instance:rahulshettyacademy.tests.t04_SubmitOrderTestJason@25be7b63]" started-at="2024-09-24T16:51:07 CEST" name="launchApplication" finished-at="2024-09-24T16:51:11 CEST" duration-ms="3897" status="PASS">
          <reporter-output>
          </reporter-output>
        </test-method> <!-- launchApplication -->
        <test-method signature="OrderHistoryTest()[pri:0, instance:rahulshettyacademy.tests.t04_SubmitOrderTestJason@25be7b63]" started-at="2024-09-24T16:51:11 CEST" name="OrderHistoryTest" finished-at="2024-09-24T16:51:11 CEST" depends-on-methods="rahulshettyacademy.tests.t04_SubmitOrderTestJason.submitOrder" duration-ms="691" status="PASS">
          <reporter-output>
          </reporter-output>
        </test-method> <!-- OrderHistoryTest -->
        <test-method is-config="true" signature="tearDown()[pri:0, instance:rahulshettyacademy.tests.t04_SubmitOrderTestJason@25be7b63]" started-at="2024-09-24T16:51:11 CEST" name="tearDown" finished-at="2024-09-24T16:51:12 CEST" duration-ms="89" status="PASS">
          <reporter-output>
          </reporter-output>
        </test-method> <!-- tearDown -->
      </class> <!-- rahulshettyacademy.tests.t04_SubmitOrderTestJason -->
    </test> <!-- Submit Order Test -->
  </suite> <!-- rahulshettyacademy -->
</testng-results>
